


                              * * * * * * * * * * * * * * * * * * * * * * * * * * * * * * * * * * 
                              *                           SC90C                                 *
                              *                       Version:8-2                               *
                              *                                                                 *
                              *       STREAMLINE CURVATURE FOR AXIAL-FLOW COMPRESSORS           *
                              *                                                                 *
                              *                                                                 *
                              *            Code developed by: PCA Engineers Ltd                 *
                              *                               Studio 2                          *
                              *                               Deepdale Enterprise Park          *
                              *                               Nettleham                         *
                              *                               Lincoln                           *
                              *                               England                           *
                              *                               LN2 2LL                           *
                              *                               Telephone + 44 1522 596959        *
                              *                               Telefax   + 44 1522 596950        *
                              *                               Email:   info@pcaeng.co.uk        *
                              *                                                                 *
                              * * * * * * * * * * * * * * * * * * * * * * * * * * * * * * * * * *
 
 Geometric Data File:   dt3a.geo                                                
 Control Data File:     dt3a.con                                                
 Aerodynamic Data File: dt3a.air                                                
 Output results file:   dt3a.out                                                
 Output history file:   dt3a.hst                                                
 Output summary file:   dt3a.rev                                                
 
dt3a                                                                                                
 DUCTFLOW CALCULATION
  11 PLANES, GRID FIXED AT PLANE  4

  I   Ax dist hub  Ax dist shr  Rad hub  Rad shr ICURV  ISIG  ISTAGE  WALL(1) WALL(2)

  1     -0.0239      -0.0239    0.2669   0.3252    0      0      0       0       0
  2     -0.0119      -0.0119    0.2674   0.3251    0      0      0       0       0
  3      0.0000       0.0000    0.2678   0.3249    0      1      0       0       0
  4      0.0238       0.0238    0.2686   0.3244    0      3      0       0       0
  5      0.0309       0.0309    0.2689   0.3243    0      6      1       0       1
  6      0.0607       0.0607    0.2697   0.3235    0      8      1       0       1
  7      0.0994       0.0994    0.2708   0.3224    0      1      1       1       0
  8      0.1988       0.1988    0.2735   0.3192    0      3      1       1       0
  9      0.2068       0.2068    0.2738   0.3190    0      0      0      -1      -1
 10      0.2147       0.2147    0.2740   0.3187    0      0      0      -1      -1
 11      0.2227       0.2227    0.2742   0.3185    0      0      0      -1      -1
 
dt3a                                                                                                
 MOVING GRID
 DENTON FORMULATION OF RADIAL EQUILIBRIUM EQUATION
 TOLERANCE 0.00010 UP TO 1000 CYCLES     RELAXATION FACTOR 0.80
 IMISES = 0
 MISES DATA NOT REQUIRED
 IHAC = 0
 HOWELL & CALVERT DATA NOT REQD

 dt3a                                                                        
 SPEED 16170.38 RPM   INLET STAGNATION TEMPERATURE  517.36 K    INLET STAGNATION PRESSURE  386.45 KPA
 INLET SWIRL   0.00 DEGREES   TURBULENCE LEVEL 0.00% FOR FIRST ROW 0.00% FOR OTHER ROWS
 IBLEED =    0         JBLEED =    0
 SPANWISE MIXING WILL BE USED:      GAL = 0.00056
 WALL FRICTION COEFFICIENT:         CF  = 0.00700


  BLOCKAGE INPUT AS DATA WILL BE OVERWRITTEN BY
 BLOCKAGE CALCULATED BY WRIGHT AND MILLER METHOD

   INLET BOUNDARY LAYERS:
  TH1  SF1    TH2  SF2
 0.001 1.400 0.001 1.400
  
  LOSS AND DEVIATION CORRELATIONS:
    OPTIONS WILL BE SPECIFIED AT EACH BLADE ROW
  

           BLADE DATA FOR STATOR    I =   4
     DESIGN TO SPECIFIED RELATIVE OUTLET GAS ANGLE

   RATLE   RATTE     DINC   BINCSS  RELA   TOVERC  XFCHRD    LER     AXCHRD
   0.2678  0.2686  100.00  100.00    0.00  0.0200 10.0000 0.00050    0.0238
   0.2736  0.2742  100.00  100.00    0.00  0.0230 10.0000 0.00050    0.0238
   0.2793  0.2798  100.00  100.00    0.00  0.0260 10.0000 0.00050    0.0238
   0.2850  0.2854  100.00  100.00    0.00  0.0290 10.0000 0.00050    0.0238
   0.2907  0.2910  100.00  100.00    0.00  0.0320 10.0000 0.00050    0.0238
   0.2964  0.2965  100.00  100.00    0.00  0.0350 10.0000 0.00050    0.0238
   0.3021  0.3021  100.00  100.00    0.00  0.0380 10.0000 0.00050    0.0238
   0.3078  0.3077  100.00  100.00    0.00  0.0410 10.0000 0.00050    0.0238
   0.3135  0.3133  100.00  100.00    0.00  0.0440 10.0000 0.00050    0.0238
   0.3192  0.3188  100.00  100.00    0.00  0.0470 10.0000 0.00050    0.0238
   0.3249  0.3244  100.00  100.00    0.00  0.0500 10.0000 0.00050    0.0238

   MILLER CORRELATIONS SPECIFIED
   DCA BLADES
     NO.OF BLADES =   70    TIP CLEARANCE/SPAN = 0.0030

           BLADE DATA FOR ROTOR     I =   6
     DESIGN TO SPECIFIED STAGE TOTAL PRESSURE RATIO

   RATLE   RATTE     DINC   BINCSS  RELA   TOVERC  XFCHRD    LER     AXCHRD
   0.2689  0.2697  100.00  100.00    1.66  0.0200 10.0000 0.00050    0.0298
   0.2744  0.2751  100.00  100.00    1.66  0.0230 10.0000 0.00050    0.0298
   0.2799  0.2805  100.00  100.00    1.66  0.0260 10.0000 0.00050    0.0298
   0.2855  0.2859  100.00  100.00    1.66  0.0290 10.0000 0.00050    0.0298
   0.2910  0.2912  100.00  100.00    1.66  0.0320 10.0000 0.00050    0.0298
   0.2966  0.2966  100.00  100.00    1.66  0.0350 10.0000 0.00050    0.0298
   0.3021  0.3020  100.00  100.00    1.66  0.0380 10.0000 0.00050    0.0298
   0.3076  0.3074  100.00  100.00    1.66  0.0410 10.0000 0.00050    0.0298
   0.3132  0.3127  100.00  100.00    1.66  0.0440 10.0000 0.00050    0.0298
   0.3187  0.3181  100.00  100.00    1.66  0.0470 10.0000 0.00050    0.0298
   0.3243  0.3235  100.00  100.00    1.66  0.0500 10.0000 0.00050    0.0298

   MILLER CORRELATIONS SPECIFIED
   DCA BLADES
     NO.OF BLADES =  100    TIP CLEARANCE/SPAN = 0.0030

           BLADE DATA FOR STATOR    I =   8
     DESIGN TO SPECIFIED RELATIVE OUTLET GAS ANGLE

   RATLE   RATTE     DINC   BINCSS  RELA   TOVERC  XFCHRD    LER     AXCHRD
   0.2708  0.2735  100.00  100.00    0.00  0.0200 10.0000 0.00050    0.0994
   0.2760  0.2781  100.00  100.00    0.00  0.0230 10.0000 0.00050    0.0994
   0.2811  0.2827  100.00  100.00    0.00  0.0260 10.0000 0.00050    0.0994
   0.2863  0.2873  100.00  100.00    0.00  0.0290 10.0000 0.00050    0.0994
   0.2915  0.2918  100.00  100.00    0.00  0.0320 10.0000 0.00050    0.0994
   0.2966  0.2964  100.00  100.00    0.00  0.0350 10.0000 0.00050    0.0994
   0.3018  0.3010  100.00  100.00    0.00  0.0380 10.0000 0.00050    0.0994
   0.3069  0.3055  100.00  100.00    0.00  0.0410 10.0000 0.00050    0.0994
   0.3121  0.3101  100.00  100.00    0.00  0.0440 10.0000 0.00050    0.0994
   0.3172  0.3147  100.00  100.00    0.00  0.0470 10.0000 0.00050    0.0994
   0.3224  0.3192  100.00  100.00    0.00  0.0500 10.0000 0.00050    0.0994

   MILLER CORRELATIONS SPECIFIED
   DCA BLADES
     NO.OF BLADES =  150    TIP CLEARANCE/SPAN = 0.0050

 Initial case: inlet mass flow   52.384 kg/s
 VARIABLE SPECIFIC HEAT   Rgas 287.054 kJ/kgK
 

Axial station    1                                  Mass flow     52.384 kg/s
Duct                                   flow function     3.0832 kg/s.sqrt(K)/kPa

 Rad Stn  Ax dist  Radius  Frac.ht   Curv    Vtot     Vm      Vax    Vrad   Vswirl
            [m]      [m]            [1/m]    [m/s]   [m/s]   [m/s]   [m/s]   [m/s]

    1    -0.0239   0.2669   0.000   -0.374  208.90  208.90  208.70    9.28    0.00
    2    -0.0239   0.2728   0.101   -0.357  208.51  208.51  208.36    7.99    0.00
    3    -0.0239   0.2787   0.202   -0.353  208.13  208.13  208.02    6.75    0.00
    4    -0.0239   0.2845   0.302   -0.355  207.73  207.73  207.66    5.55    0.00
    5    -0.0239   0.2904   0.402   -0.356  207.33  207.33  207.29    4.39    0.00
    6    -0.0239   0.2962   0.502   -0.354  206.92  206.92  206.90    3.26    0.00
    7    -0.0239   0.3020   0.602   -0.350  206.52  206.52  206.51    2.15    0.00
    8    -0.0239   0.3078   0.702   -0.342  206.11  206.11  206.11    1.07    0.00
    9    -0.0239   0.3136   0.801   -0.335  205.71  205.71  205.71    0.02    0.00
   10    -0.0239   0.3194   0.901   -0.334  205.31  205.31  205.31   -1.01    0.00
   11    -0.0239   0.3252   1.000   -0.343  204.90  204.90  204.89   -2.00    0.00
 mass avge
                                            206.86  206.86  206.81    3.23    0.00
 area avge                                  206.86  206.86  206.81    3.21    0.00

 Mabs    Ang.sw   Ang.rad   Ptot    Pstat    Ttot    Tstat    Htot     Mass    flow
          [deg]    [deg]    [kPa]   [kPa]     [K]     [K]   [kJ/kg]   [kg/s]  distn.

 0.470     0.00     2.55  386.451  332.617   517.4   496.2  521.175    0.000  1.006
 0.469     0.00     2.20  386.451  332.807   517.4   496.3  521.175    4.845  1.006
 0.468     0.00     1.86  386.451  332.993   517.4   496.3  521.175    9.782  1.005
 0.467     0.00     1.53  386.451  333.186   517.4   496.4  521.175   14.807  1.003
 0.466     0.00     1.21  386.451  333.381   517.4   496.5  521.175   19.917  1.002
 0.465     0.00     0.90  386.451  333.578   517.4   496.6  521.175   25.111  1.000
 0.464     0.00     0.60  386.451  333.775   517.4   496.7  521.175   30.389  0.999
 0.463     0.00     0.30  386.451  333.971   517.4   496.8  521.175   35.752  0.997
 0.463     0.00     0.00  386.451  334.165   517.4   496.8  521.175   41.204  0.996
 0.462     0.00    -0.28  386.451  334.356   517.4   496.9  521.175   46.747  0.994
 0.461     0.00    -0.56  386.451  334.556   517.4   497.0  521.175   52.384  0.994
 mass avge
 0.465     0.00     0.89  386.451  333.607   517.4   496.6  521.175
 area avge                386.451  333.609   517.4   496.6

 Rad Stn Maxial  rVswirl
                  [m2/s]

     1    0.470     0.00
     2    0.469     0.00
     3    0.468     0.00
     4    0.467     0.00
     5    0.466     0.00
     6    0.465     0.00
     7    0.464     0.00
     8    0.463     0.00
     9    0.463     0.00
    10    0.462     0.00
    11    0.461     0.00
 mass avge
          0.465     0.00
 

Axial station    2                                  Mass flow     52.384 kg/s
Duct                                   flow function     3.0832 kg/s.sqrt(K)/kPa

 Rad Stn  Ax dist  Radius  Frac.ht   Curv    Vtot     Vm      Vax    Vrad   Vswirl
            [m]      [m]            [1/m]    [m/s]   [m/s]   [m/s]   [m/s]   [m/s]

    1    -0.0119   0.2674   0.000   -0.374  211.72  211.72  211.56    8.46    0.00
    2    -0.0119   0.2732   0.101   -0.357  211.33  211.33  211.20    7.20    0.00
    3    -0.0119   0.2790   0.201   -0.354  210.94  210.94  210.86    5.95    0.00
    4    -0.0119   0.2848   0.302   -0.355  210.54  210.54  210.48    4.74    0.00
    5    -0.0119   0.2906   0.402   -0.356  210.13  210.13  210.10    3.56    0.00
    6    -0.0119   0.2964   0.502   -0.354  209.71  209.71  209.70    2.42    0.00
    7    -0.0119   0.3021   0.602   -0.350  209.30  209.30  209.30    1.31    0.00
    8    -0.0119   0.3079   0.701   -0.342  208.90  208.90  208.90    0.23    0.00
    9    -0.0119   0.3136   0.801   -0.335  208.49  208.49  208.49   -0.82    0.00
   10    -0.0119   0.3194   0.900   -0.334  208.08  208.08  208.07   -1.85    0.00
   11    -0.0119   0.3251   1.000   -0.343  207.66  207.66  207.64   -2.88    0.00
 mass avge
                                            209.65  209.65  209.62    2.40    0.00
 area avge                                  209.65  209.65  209.61    2.38    0.00

 Mabs    Ang.sw   Ang.rad   Ptot    Pstat    Ttot    Tstat    Htot     Mass    flow
          [deg]    [deg]    [kPa]   [kPa]     [K]     [K]   [kJ/kg]   [kg/s]  distn.

 0.477     0.00     2.29  386.451  331.233   517.4   495.6  521.175    0.000  1.006
 0.476     0.00     1.95  386.451  331.429   517.4   495.7  521.175    4.845  1.006
 0.475     0.00     1.62  386.451  331.619   517.4   495.8  521.175    9.782  1.005
 0.474     0.00     1.29  386.451  331.817   517.4   495.9  521.175   14.807  1.003
 0.473     0.00     0.97  386.451  332.016   517.4   495.9  521.175   19.917  1.002
 0.472     0.00     0.66  386.451  332.221   517.4   496.0  521.175   25.111  1.000
 0.471     0.00     0.36  386.451  332.422   517.4   496.1  521.175   30.389  0.999
 0.470     0.00     0.06  386.451  332.619   517.4   496.2  521.175   35.752  0.997
 0.469     0.00    -0.23  386.451  332.819   517.4   496.3  521.175   41.204  0.996
 0.468     0.00    -0.51  386.451  333.016   517.4   496.4  521.175   46.747  0.994
 0.467     0.00    -0.79  386.451  333.219   517.4   496.4  521.175   52.384  0.994
 mass avge
 0.472     0.00     0.65  386.451  332.248   517.4   496.0  521.175
 area avge                386.451  332.250   517.4   496.0

 Rad Stn Maxial  rVswirl
                  [m2/s]

     1    0.476     0.00
     2    0.475     0.00
     3    0.475     0.00
     4    0.474     0.00
     5    0.473     0.00
     6    0.472     0.00
     7    0.471     0.00
     8    0.470     0.00
     9    0.469     0.00
    10    0.468     0.00
    11    0.467     0.00
 mass avge
          0.472     0.00
 

Axial station    3                                  Mass flow     52.384 kg/s
Stage  0 Stator le                    flow function     3.0832 kg/s.sqrt(K)/kPa

 Rad Stn  Ax dist  Radius  Frac.ht   Curv    Vtot     Vm      Vax    Vrad   Vswirl
            [m]      [m]            [1/m]    [m/s]   [m/s]   [m/s]   [m/s]   [m/s]

    1     0.0000   0.2678   0.000   -0.236  214.52  214.52  214.38    7.79    0.00
    2     0.0000   0.2736   0.101   -0.297  214.24  214.24  214.15    6.46    0.00
    3     0.0000   0.2793   0.201   -0.343  213.90  213.90  213.84    5.15    0.00
    4     0.0000   0.2851   0.301   -0.371  213.50  213.50  213.47    3.88    0.00
    5     0.0000   0.2908   0.402   -0.381  213.07  213.07  213.05    2.67    0.00
    6     0.0000   0.2965   0.502   -0.376  212.63  212.63  212.62    1.53    0.00
    7     0.0000   0.3022   0.601   -0.359  212.19  212.19  212.19    0.43    0.00
    8     0.0000   0.3079   0.701   -0.333  211.77  211.77  211.77   -0.61    0.00
    9     0.0000   0.3135   0.801   -0.304  211.37  211.37  211.37   -1.64    0.00
   10     0.0000   0.3192   0.900   -0.277  211.00  211.00  210.99   -2.65    0.00
   11     0.0000   0.3249   1.000   -0.251  210.67  210.67  210.64   -3.66    0.00
 mass avge
                                            212.57  212.57  212.54    1.57    0.00
 area avge                                  212.57  212.57  212.54    1.56    0.00

 Mabs    Ang.sw   Ang.rad   Ptot    Pstat    Ttot    Tstat    Htot     Mass    flow
          [deg]    [deg]    [kPa]   [kPa]     [K]     [K]   [kJ/kg]   [kg/s]  distn.

 0.483     0.00     2.08  386.451  329.848   517.4   495.0  521.175    0.000  1.006
 0.483     0.00     1.73  386.451  329.985   517.4   495.1  521.175    4.845  1.006
 0.482     0.00     1.38  386.451  330.157   517.4   495.2  521.175    9.782  1.005
 0.481     0.00     1.04  386.451  330.354   517.4   495.2  521.175   14.807  1.003
 0.480     0.00     0.72  386.451  330.568   517.4   495.3  521.175   19.917  1.002
 0.479     0.00     0.41  386.451  330.788   517.4   495.4  521.175   25.111  1.000
 0.478     0.00     0.12  386.451  331.003   517.4   495.5  521.175   30.389  0.999
 0.477     0.00    -0.17  386.451  331.211   517.4   495.6  521.175   35.752  0.997
 0.476     0.00    -0.44  386.451  331.405   517.4   495.7  521.175   41.204  0.996
 0.475     0.00    -0.72  386.451  331.587   517.4   495.8  521.175   46.747  0.994
 0.474     0.00    -1.00  386.451  331.749   517.4   495.8  521.175   52.384  0.994
 mass avge
 0.479     0.00     0.42  386.451  330.813   517.4   495.4  521.175
 area avge                386.451  330.816   517.4   495.4

 Rad Stn  Maxial rVswirl blade angle Inc stal.inc opt.inc min.l.inc ch.inc 
                 [m2/s]     [deg]   [deg]   [deg]   [deg]   [deg]   [deg]   

    1   0.483     0.00      0.00     0.00
    2   0.482     0.00      0.00     0.00
    3   0.482     0.00      0.00     0.00
    4   0.481     0.00      0.00     0.00
    5   0.480     0.00      0.00     0.00
    6   0.479     0.00      0.00     0.00
    7   0.478     0.00      0.00     0.00
    8   0.477     0.00      0.00     0.00
    9   0.476     0.00      0.00     0.00
   10   0.475     0.00      0.00     0.00
   11   0.474     0.00      0.00     0.00
 mass avge
        0.479     0.00      0.00     0.00
 

Axial station    4                                  Mass flow     52.384 kg/s
Stage  0 Stator te                    flow function     3.0921 kg/s.sqrt(K)/kPa

 Rad Stn  Ax dist  Radius  Frac.ht   Curv    Vtot     Vm      Vax    Vrad   Vswirl
            [m]      [m]            [1/m]    [m/s]   [m/s]   [m/s]   [m/s]   [m/s]

    1     0.0238   0.2686   0.000   -0.154  223.47  223.47  223.35    7.08    0.00
    2     0.0238   0.2742   0.100   -0.444  223.18  223.18  223.13    4.76    0.00
    3     0.0238   0.2798   0.200   -0.635  222.56  222.56  222.55    2.77    0.00
    4     0.0238   0.2854   0.300   -0.712  221.76  221.76  221.75    1.18    0.00
    5     0.0238   0.2910   0.400   -0.713  220.89  220.89  220.89   -0.10    0.00
    6     0.0238   0.2965   0.500   -0.661  220.04  220.04  220.04   -1.13    0.00
    7     0.0238   0.3021   0.600   -0.561  219.29  219.29  219.28   -1.95    0.00
    8     0.0238   0.3077   0.700   -0.420  218.69  218.69  218.67   -2.59    0.00
    9     0.0238   0.3133   0.800   -0.246  218.27  218.27  218.25   -3.12    0.00
   10     0.0238   0.3188   0.900   -0.124  218.04  218.04  218.01   -3.77    0.00
   11     0.0238   0.3244   1.000   -0.188  217.82  217.82  217.76   -4.93    0.00
 mass avge
                                            220.25  220.25  220.22   -0.43    0.00
 area avge                                  220.23  220.23  220.21   -0.46    0.00

 Mabs    Ang.sw   Ang.rad   Ptot    Pstat    Ttot    Tstat    Htot     Mass    flow
          [deg]    [deg]    [kPa]   [kPa]     [K]     [K]   [kJ/kg]   [kg/s]  distn.

 0.504     0.00     1.82  385.319  324.370   517.4   493.1  521.175    0.000  1.010
 0.504     0.00     1.22  385.322  324.518   517.4   493.2  521.175    4.845  1.010
 0.502     0.00     0.71  385.325  324.837   517.4   493.3  521.175    9.782  1.008
 0.500     0.00     0.30  385.329  325.251   517.4   493.5  521.175   14.807  1.005
 0.498     0.00    -0.03  385.333  325.696   517.4   493.7  521.175   19.917  1.002
 0.496     0.00    -0.30  385.338  326.129   517.4   493.9  521.175   25.111  0.999
 0.494     0.00    -0.51  385.342  326.514   517.4   494.0  521.175   30.389  0.997
 0.493     0.00    -0.68  385.346  326.821   517.4   494.2  521.175   35.752  0.995
 0.492     0.00    -0.82  385.350  327.033   517.4   494.2  521.175   41.204  0.993
 0.491     0.00    -0.99  385.354  327.150   517.4   494.3  521.175   46.747  0.992
 0.491     0.00    -1.30  385.357  327.267   517.4   494.3  521.175   52.384  0.992
 mass avge
 0.497     0.00    -0.12  385.338  326.023   517.4   493.8  521.175
 area avge                385.338  326.029   517.4   493.8

 rVswirl A/Acrit   Devn.   Loss  de Haller  ro x Vm  ax force  tang force
 [m2/s]            [deg]   coeff     no.   [kg/m2/s]  [kN/m]    [kN/m]

    0.00  0.000    0.00   0.0200   1.042    512.07    0.0225    0.0000
    0.00  0.000    0.00   0.0200   1.042    511.59    0.0238    0.0000
    0.00  0.000    0.00   0.0200   1.041    510.53    0.0242    0.0000
    0.00  0.000    0.00   0.0200   1.039    509.15    0.0247    0.0000
    0.00  0.000    0.00   0.0200   1.037    507.66    0.0253    0.0000
    0.00  0.000    0.00   0.0200   1.035    506.20    0.0259    0.0000
    0.00  0.000    0.00   0.0200   1.033    504.89    0.0264    0.0000
    0.00  0.000    0.00   0.0200   1.033    503.85    0.0269    0.0000
    0.00  0.000    0.00   0.0200   1.033    503.13    0.0273    0.0000
    0.00  0.000    0.00   0.0200   1.033    502.74    0.0277    0.0000
    0.00  0.000    0.00   0.0200   1.034    502.35    0.0291    0.0000
 mass avge
    0.00  0.000    0.00   0.0200   1.036    506.54

    Maxial blade angle  Reynolds   Cl
              [deg]        no.

    0.504      0.00     452002.   0.00
    0.503      0.00     451460.   0.00
    0.502      0.00     450383.   0.00
    0.500      0.00     449006.   0.00
    0.498      0.00     447536.   0.00
    0.496      0.00     446112.   0.00
    0.494      0.00     444851.   0.00
    0.493      0.00     443857.   0.00
    0.492      0.00     443186.   0.00
    0.491      0.00     442841.   0.00
    0.491      0.00     442506.   0.00
 mass avge
    0.497      0.00     446499.   0.00
 

Axial station    5                                  Mass flow     52.384 kg/s
Stage  1 Rotor le                    flow function     3.0916 kg/s.sqrt(K)/kPa

 Rad Stn  Ax dist  Radius  Frac.ht   Curv    Vtot     Vm      Vax    Vrad   Vswirl
            [m]      [m]            [1/m]    [m/s]   [m/s]   [m/s]   [m/s]   [m/s]

    1     0.0309   0.2689   0.000   -0.087  227.84  227.84  227.73    7.02    0.00
    2     0.0309   0.2744   0.099   -1.073  227.17  227.17  227.14    3.63    0.00
    3     0.0309   0.2799   0.199   -1.283  225.72  225.72  225.72    1.27    0.00
    4     0.0309   0.2854   0.298   -1.141  224.23  224.23  224.23   -0.28    0.00
    5     0.0309   0.2909   0.398   -1.089  222.86  222.86  222.85   -1.53    0.00
    6     0.0309   0.2965   0.499   -0.999  221.58  221.58  221.57   -2.44    0.00
    7     0.0309   0.3020   0.599   -0.863  220.47  220.47  220.45   -3.07    0.00
    8     0.0309   0.3076   0.699   -0.654  219.56  219.56  219.54   -3.44    0.00
    9     0.0309   0.3132   0.800   -0.241  219.04  219.04  219.01   -3.50    0.00
   10     0.0309   0.3187   0.900    0.092  219.43  219.43  219.40   -3.82    0.19
   11     0.0309   0.3243   1.000   -0.129  220.32  220.32  220.26   -5.23    0.55
 mass avge
                                            222.28  222.28  222.26   -1.36    0.05
 area avge                                  222.24  222.24  222.22   -1.40    0.05

 Mabs    Ang.sw   Ang.rad   Ptot    Pstat    Ttot    Tstat    Htot     Mass    flow
          [deg]    [deg]    [kPa]   [kPa]     [K]     [K]   [kJ/kg]   [kg/s]  distn.

 0.515     0.00     1.77  385.311  322.107   517.4   492.2  521.175    0.000  1.017
 0.513     0.00     0.91  385.314  322.456   517.4   492.3  521.175    4.845  1.016
 0.510     0.00     0.32  385.324  323.214   517.4   492.6  521.175    9.782  1.012
 0.506     0.00    -0.07  385.329  323.987   517.4   493.0  521.175   14.807  1.007
 0.503     0.00    -0.39  385.333  324.693   517.4   493.3  521.175   19.917  1.002
 0.500     0.00    -0.63  385.338  325.346   517.4   493.5  521.175   25.111  0.998
 0.497     0.00    -0.80  385.343  325.918   517.4   493.8  521.175   30.389  0.994
 0.495     0.00    -0.90  385.347  326.379   517.4   494.0  521.175   35.752  0.991
 0.494     0.00    -0.92  385.352  326.646   517.4   494.1  521.175   41.204  0.990
 0.495     0.05    -1.00  385.614  326.682   517.5   494.1  521.278   46.747  0.991
 0.497     0.14    -1.36  386.136  326.695   517.7   494.1  521.478   52.384  0.993
 mass avge
 0.501     0.01    -0.36  385.407  325.044   517.4   493.4  521.202
 area avge                385.402  325.061   517.4   493.4

Rad Stn rVswirl Inc     U       Prel    Trel   Ang.rel  Mrel    Vrel    Vsw.rel
        [m2/s] [deg]  [m/s]    [kPa]    [K]    [deg]           [m/s]     [m/s]

    1     0.00   5.16 455.29   729.42   616.7   63.42  1.150   509.118  455.29
    2     0.00   6.48 464.60   747.22   620.8   63.94  1.168   517.164  464.60
    3     0.00   7.19 473.93   765.77   624.9   64.53  1.185   524.938  473.93
    4     0.00   9.41 483.29   785.07   629.1   65.11  1.202   532.770  483.29
    5     0.00  10.00 492.66   805.15   633.5   65.66  1.220   540.722  492.66
    6     0.00  10.00 502.05   826.04   637.9   66.19  1.238   548.777  502.05
    7     0.00  10.00 511.46   847.75   642.4   66.68  1.256   556.950  511.46
    8     0.00  10.00 520.87   870.32   647.0   67.14  1.274   565.258  520.87
    9     0.00  10.00 530.30   893.77   651.6   67.56  1.293   573.754  530.30
   10     0.06  10.00 539.71   918.06   656.3   67.87  1.313   582.436  539.52
   11     0.18   9.99 549.09   943.19   661.1   68.12  1.333   591.128  548.54
 mass avge
          0.02   9.12          832.47   638.8   66.11  1.242   550.407  503.34
 area avge                     832.99   639.0                  550.627  503.60

    Maxial blade angle stal.inc opt.inc min.l.inc ch.inc 
              [deg]       deg      deg      deg     deg

    0.514     58.25    11.27     6.77      5.18     1.30
    0.513     57.46    14.14     9.84      6.49     2.49
    0.510     57.34    15.90    11.84      7.19     3.08
    0.506     55.70    17.54    13.51      9.42     5.18
    0.503     55.66    18.06    14.14     10.00     6.49
    0.500     56.19    18.14    14.36     10.00     7.19
    0.497     56.68    18.15    14.49     10.00     7.76
    0.495     57.15    18.14    14.59     10.00     8.19
    0.494     57.56    18.12    14.67     10.00     8.49
    0.495     57.87    17.66    14.20     10.00     8.82
    0.497     58.12    16.88    13.32     10.00     8.72
 mass avge
    0.501     56.99
 

Axial station    6                                  Mass flow     52.384 kg/s
Stage  1 Rotor te                    flow function     1.9628 kg/s.sqrt(K)/kPa

 Rad Stn  Ax dist  Radius  Frac.ht   Curv    Vtot     Vm      Vax    Vrad   Vswirl
            [m]      [m]            [1/m]    [m/s]   [m/s]   [m/s]   [m/s]   [m/s]

    1     0.0607   0.2697   0.000   -0.046  321.27  202.82  202.73    5.85  249.17
    2     0.0607   0.2744   0.086    0.741  290.99  183.88  183.87    2.03  225.53
    3     0.0607   0.2795   0.181    0.955  269.34  166.54  166.54    0.13  211.68
    4     0.0607   0.2849   0.281    0.877  262.31  164.40  164.39   -0.85  204.41
    5     0.0607   0.2903   0.381    0.821  257.38  162.09  162.09   -1.76  199.93
    6     0.0607   0.2957   0.483    0.714  253.89  159.55  159.53   -2.44  197.49
    7     0.0607   0.3012   0.586    0.556  251.86  157.11  157.09   -2.91  196.85
    8     0.0607   0.3068   0.690    0.336  251.01  154.27  154.23   -3.15  198.00
    9     0.0607   0.3126   0.797   -0.024  251.30  150.72  150.69   -3.00  201.09
   10     0.0607   0.3182   0.902   -0.290  261.91  159.01  158.98   -3.24  208.12
   11     0.0607   0.3235   1.000   -0.086  281.17  173.98  173.91   -4.69  220.87
 mass avge
                                            264.65  164.21  164.18   -1.56  207.51
 area avge                                  263.21  163.19  163.17   -1.70  206.48

 Mabs    Ang.sw   Ang.rad   Ptot    Pstat    Ttot    Tstat    Htot     Mass    flow
          [deg]    [deg]    [kPa]   [kPa]     [K]     [K]   [kJ/kg]   [kg/s]  distn.

 0.672    50.86     1.65  712.535  528.651   627.1   578.0  635.841    0.000  1.174
 0.609    50.81     0.63  680.285  531.536   618.1   577.8  626.313    4.844  1.115
 0.563    51.81     0.04  660.044  533.950   613.5   578.9  621.406    9.782  1.033
 0.548    51.19    -0.30  655.732  536.174   611.9   579.2  619.796   14.807  1.005
 0.537    50.97    -0.62  653.280  538.241   611.6   580.1  619.451   19.917  0.995
 0.529    51.07    -0.88  652.088  540.246   612.2   581.5  620.078   25.110  0.981
 0.524    51.41    -1.06  652.220  542.259   613.6   583.4  621.601   30.388  0.966
 0.521    52.08    -1.17  653.416  544.344   616.0   586.0  624.069   35.751  0.946
 0.521    53.15    -1.14  655.760  546.619   619.4   589.3  627.639   41.203  0.939
 0.541    52.62    -1.17  668.257  549.084   624.7   592.2  633.300   46.747  0.980
 0.580    51.77    -1.54  690.235  551.578   633.0   595.5  641.994   52.384  1.018
 mass avge
 0.551    51.67    -0.59  663.056  540.556   617.2   583.8  625.377
 area avge                661.811  540.832   617.0   583.9

 Mcrit    Devn.    Loss      U       Prel    Trel   Ang.rel   Mrel    Vrel   Vsw.rel
          [deg]    coeff   [m/s]     [kPa]    [K]    [deg]           [m/s]    [m/s]

 1.133     5.22   0.1475   456.78   675.69   618.2   45.67   0.607   290.239  207.62
 1.140     4.45   0.1326   464.60   692.42   621.1   52.43   0.631   301.606  239.07
 1.148     4.19   0.1339   473.25   705.38   624.6   57.51   0.648   310.085  261.57
 1.156     3.52   0.1276   482.37   724.42   628.7   59.40   0.675   322.932  277.96
 1.134     3.27   0.1282   491.50   741.07   632.9   60.93   0.696   333.598  291.57
 1.110     3.19   0.1344   500.75   755.86   637.3   62.25   0.714   342.665  303.25
 1.090     3.16   0.1448   510.11   769.06   641.7   63.36   0.730   350.446  313.25
 1.075     3.17   0.1602   519.59   780.12   646.3   64.37   0.741   356.674  321.59
 1.064     3.23   0.1812   529.31   788.67   651.1   65.34   0.748   361.174  328.22
 1.051     3.03   0.1959   538.90   799.93   655.9   64.33   0.759   367.022  330.79
 1.056     2.72   0.2135   547.79   807.17   660.3   61.98   0.763   370.330  326.92
 mass avge
 1.105     3.49   0.1530            751.69   638.5   60.57   0.705   338.776  295.02
 area avge                          753.63   639.0                   340.019  297.18

 rVswirl de Haller  ro x Vm ax force  tang force  PRtt     dH/UU    Va/U
  [m2/s]     no.  [kg/m2/s]   [kN/m]    [kN/m]

   67.21    0.570   646.16   -3.5655    2.6147    1.849    0.551    0.472
   61.88    0.583   589.29   -3.4064    2.2682    1.766    0.487    0.442
   59.16    0.591   535.11   -3.2371    2.0100    1.713    0.447    0.414
   58.23    0.606   530.19   -3.2892    1.9226    1.702    0.423    0.402
   58.03    0.617   523.98   -3.3633    1.8979    1.695    0.406    0.391
   58.40    0.624   516.39   -3.4271    1.8818    1.692    0.393    0.380
   59.30    0.629   508.69   -3.4916    1.8821    1.693    0.385    0.370
   60.76    0.631   499.20   -3.5446    1.8881    1.696    0.380    0.359
   62.86    0.629   486.98   -3.6124    1.9387    1.702    0.379    0.349
   66.23    0.630   513.66   -3.8689    2.1300    1.733    0.385    0.351
   71.45    0.626   561.42   -4.2045    2.3657    1.788    0.401    0.359
 mass avge
   61.49    0.615   529.55                        1.720    0.413    0.385

   Maxial blade angle del H ad.effy  Reynolds    Cl   diffusion   diffusion
             [deg]   [kJ/kg] rotor      no.            factor 1    factor 2

    0.424    40.45  114.666  0.8678  1407140.   0.77    0.520       0.521
    0.385    47.98  105.139  0.8695  1582139.   0.73    0.493       0.493
    0.348    53.33  100.231  0.8599  1734352.   0.72    0.477       0.477
    0.343    55.88   98.621  0.8624  1833243.   0.71    0.459       0.459
    0.338    57.66   98.276  0.8589  1939861.   0.71    0.445       0.445
    0.333    59.06   98.904  0.8502  2043968.   0.70    0.436       0.436
    0.327    60.21  100.426  0.8377  2135106.   0.71    0.430       0.429
    0.320    61.20  102.895  0.8206  2211652.   0.72    0.427       0.427
    0.312    62.11  106.464  0.7989  2271654.   0.74    0.429       0.428
    0.329    61.30  112.022  0.7874  2283812.   0.74    0.431       0.430
    0.359    59.26  120.516  0.7768  2234608.   0.76    0.440       0.439
 mass avge
    0.342    57.08  104.175  0.8345  1997654.   0.72    0.449       0.449

   Total Axial Force on row:   -18.8862 [kN]    Torque:     3.2230 [kNm]
 

Axial station    7                                  Mass flow     52.384 kg/s
Stage  1 Stator le                    flow function     1.9660 kg/s.sqrt(K)/kPa

 Rad Stn  Ax dist  Radius  Frac.ht   Curv    Vtot     Vm      Vax    Vrad   Vswirl
            [m]      [m]            [1/m]    [m/s]   [m/s]   [m/s]   [m/s]   [m/s]

    1     0.0994   0.2708   0.000   -0.011  317.18  205.94  205.86    5.72  241.23
    2     0.0994   0.2753   0.088    0.033  293.42  191.66  191.60    4.98  222.17
    3     0.0994   0.2802   0.182    0.074  275.55  177.05  177.01    3.65  211.14
    4     0.0994   0.2853   0.281    0.102  268.26  174.10  174.08    2.39  204.09
    5     0.0994   0.2904   0.380    0.114  263.08  171.15  171.15    1.23  199.80
    6     0.0994   0.2957   0.481    0.112  259.43  168.18  168.18    0.11  197.54
    7     0.0994   0.3009   0.584    0.098  257.24  165.36  165.35   -0.98  197.06
    8     0.0994   0.3063   0.688    0.072  256.35  162.38  162.36   -2.04  198.36
    9     0.0994   0.3118   0.794    0.036  256.77  159.00  158.97   -3.14  201.62
   10     0.0994   0.3172   0.900   -0.005  266.91  165.64  165.58   -4.32  209.29
   11     0.0994   0.3224   1.000   -0.042  284.97  177.58  177.50   -5.23  222.87
 mass avge
                                            269.37  172.21  172.18    0.06  207.09
 area avge                                  268.21  171.38  171.35   -0.09  206.27

 Mabs    Ang.sw   Ang.rad   Ptot    Pstat    Ttot    Tstat    Htot     Mass    flow
          [deg]    [deg]    [kPa]   [kPa]     [K]     [K]   [kJ/kg]   [kg/s]  distn.

 0.663    49.51     1.59  700.140  523.395   626.5   578.6  635.153    0.000  1.147
 0.614    49.22     1.49  676.358  526.190   618.0   577.0  626.194    4.844  1.104
 0.576    50.02     1.18  660.294  528.767   613.6   577.5  621.574    9.782  1.041
 0.561    49.53     0.79  655.834  531.196   612.0   577.7  619.870   14.807  1.014
 0.550    49.42     0.41  653.284  533.471   611.6   578.7  619.494   19.917  1.001
 0.542    49.59     0.04  652.093  535.668   612.2   580.2  620.116   25.110  0.985
 0.536    50.00    -0.34  652.220  537.845   613.7   582.2  621.637   30.388  0.969
 0.533    50.70    -0.72  653.475  540.029   616.0   584.8  624.118   35.751  0.950
 0.533    51.74    -1.13  655.934  542.302   619.5   588.1  627.735   41.203  0.941
 0.552    51.64    -1.50  667.903  544.657   625.4   591.5  633.957   46.747  0.971
 0.587    51.45    -1.69  688.589  547.098   634.4   595.9  643.487   52.384  0.999
 mass avge
 0.561    50.27    -0.03  662.049  535.852   617.4   582.7  625.534
 area avge                661.141  536.152   617.2   582.8

 Rad Stn  Maxial rVswirl blade angle Inc stal.inc opt.inc min.l.inc ch.inc 
                 [m2/s]     [deg]   [deg]   [deg]   [deg]   [deg]   [deg]   

    1   0.430    65.33     41.10     8.41   51.43  36.98     8.42    -0.36
    2   0.401    61.17     40.99     8.22   50.88  36.44     8.23    -3.11
    3   0.370    59.17     42.07     7.95   49.29  35.15     7.96    -5.40
    4   0.364    58.23     39.53    10.00   50.16  35.78    10.00    -4.33
    5   0.358    58.03     39.42    10.00   49.35  35.12    10.00    -2.79
    6   0.351    58.40     39.59    10.00   48.35  34.32    10.00    -1.06
    7   0.345    59.30     40.00    10.00   47.22  33.42    10.00     0.73
    8   0.338    60.76     40.70    10.00   45.92  32.39    10.00     2.48
    9   0.330    62.86     41.74    10.00   44.39  31.19    10.00     4.16
   10   0.342    66.39     41.65     9.99   43.64  30.60    10.00     6.81
   11   0.366    71.85     41.46     9.99   42.97  30.09    10.00     9.73
 mass avge
        0.359    61.38     40.71     9.56
 

Axial station    8                                  Mass flow     52.384 kg/s
Stage  1 Stator te                    flow function     2.0370 kg/s.sqrt(K)/kPa

 Rad Stn  Ax dist  Radius  Frac.ht   Curv    Vtot     Vm      Vax    Vrad   Vswirl
            [m]      [m]            [1/m]    [m/s]   [m/s]   [m/s]   [m/s]   [m/s]

    1     0.1988   0.2735   0.000    0.001  186.24  186.24  186.17    5.08    0.00
    2     0.1988   0.2781   0.100   -0.095  185.13  185.13  185.09    4.24    0.00
    3     0.1988   0.2826   0.199   -0.147  184.49  184.49  184.47    3.13    0.00
    4     0.1988   0.2872   0.298   -0.163  184.12  184.12  184.11    1.96    0.00
    5     0.1988   0.2917   0.398   -0.169  183.93  183.93  183.93    0.80    0.00
    6     0.1988   0.2963   0.497   -0.163  183.88  183.88  183.88   -0.36    0.00
    7     0.1988   0.3008   0.597   -0.145  183.98  183.98  183.97   -1.53    0.00
    8     0.1988   0.3054   0.697   -0.117  184.21  184.21  184.19   -2.73    0.00
    9     0.1988   0.3100   0.798   -0.073  184.66  184.66  184.62   -3.99    0.00
   10     0.1988   0.3146   0.899   -0.034  185.89  185.89  185.81   -5.21    0.00
   11     0.1988   0.3192   1.000   -0.024  188.32  188.32  188.21   -6.17    0.00
 mass avge
                                            184.77  184.77  184.74   -0.58    0.00
 area avge                                  184.74  184.74  184.71   -0.59    0.00

 Mabs    Ang.sw   Ang.rad   Ptot    Pstat    Ttot    Tstat    Htot     Mass    flow
          [deg]    [deg]    [kPa]   [kPa]     [K]     [K]   [kJ/kg]   [kg/s]  distn.

 0.380     0.00     1.56  638.843  579.234   625.1   608.6  633.652    0.000  0.998
 0.380     0.00     1.31  638.832  579.236   617.8   601.5  625.962    4.844  1.000
 0.380     0.00     0.97  638.833  579.277   614.0   597.8  621.922    9.782  1.003
 0.379     0.00     0.61  638.843  579.355   612.2   596.1  620.060   14.807  1.004
 0.379     0.00     0.25  638.843  579.432   611.8   595.7  619.619   19.917  1.004
 0.379     0.00    -0.11  638.850  579.520   612.3   596.3  620.224   25.111  1.003
 0.379     0.00    -0.48  638.857  579.602   613.8   597.7  621.748   30.388  1.001
 0.378     0.00    -0.85  638.859  579.687   616.2   600.1  624.268   35.752  0.999
 0.378     0.00    -1.24  638.884  579.754   619.7   603.5  627.992   41.203  0.996
 0.379     0.00    -1.61  639.222  579.803   625.1   608.7  633.707   46.747  0.994
 0.382     0.00    -1.88  640.110  579.848   633.2   616.4  642.211   52.384  0.994
 mass avge
 0.379     0.00    -0.18  638.958  579.531   617.3   601.1  625.476
 area avge                638.948  579.531   617.2   601.0

 rVswirl A/Acrit   Devn.   Loss  de Haller  ro x Vm  ax force  tang force
 [m2/s]            [deg]   coeff     no.   [kg/m2/s]  [kN/m]    [kN/m]

    0.00  1.167    6.07   0.2490   0.587    617.48   -0.4943   -1.7115
    0.00  1.209    5.67   0.2057   0.631    621.07   -0.5780   -1.5928
    0.00  1.249    5.11   0.1654   0.670    622.82   -0.6786   -1.5433
    0.00  1.259    4.72   0.1375   0.686    623.42   -0.6880   -1.5175
    0.00  1.234    4.55   0.1207   0.699    623.27   -0.6952   -1.5089
    0.00  1.207    4.40   0.1139   0.709    622.60   -0.7052   -1.5135
    0.00  1.179    4.27   0.1170   0.715    621.52   -0.7145   -1.5303
    0.00  1.151    4.14   0.1298   0.719    619.93   -0.7264   -1.5597
    0.00  1.124    4.00   0.1524   0.719    617.97   -0.7377   -1.6044
    0.00  1.069    4.35   0.1859   0.696    616.78   -0.6623   -1.6872
    0.00  1.006    4.87   0.2288   0.661    617.15   -0.5519   -1.8090
 mass avge
    0.00  1.174    4.65   0.1564   0.688    620.60

    Maxial blade angle  Reynolds   Cl   diffusion diffusion    stage  stage  stage  stage
              [deg]        no.           factor 1  factor 2     p.r.  dH/UU   Va/U  effy

    0.380     -6.07    2068479.   0.22    0.454     0.454      1.658  0.541  0.454  0.717
    0.380     -5.67    2098262.   0.22    0.411     0.411      1.658  0.485  0.444  0.769
    0.380     -5.11    2122546.   0.23    0.374     0.373      1.658  0.449  0.433  0.800
    0.379     -4.71    2115656.   0.23    0.357     0.357      1.658  0.424  0.423  0.815
    0.379     -4.55    2116246.   0.24    0.345     0.345      1.658  0.407  0.413  0.819
    0.379     -4.40    2114457.   0.24    0.336     0.336      1.658  0.394  0.404  0.814
    0.379     -4.27    2110629.   0.25    0.331     0.331      1.658  0.385  0.396  0.801
    0.378     -4.14    2104769.   0.26    0.329     0.329      1.658  0.381  0.388  0.782
    0.378     -4.00    2097626.   0.27    0.329     0.330      1.658  0.381  0.381  0.754
    0.379     -4.35    2079168.   0.27    0.353     0.353      1.658  0.387  0.376  0.717
    0.382     -4.87    2059372.   0.27    0.389     0.390      1.658  0.401  0.372  0.668
 mass avge
    0.379     -4.65    2101995.   0.25    0.358     0.358      1.658  0.413  0.405  0.773

   Total Axial Force on row:    -4.6001 [kN]    Torque:    -3.2168 [kNm]

OVERALL STAGE PERFORMANCE
   PRtt     dH/UU      Va/U     Eta.t       Power    Ang.sw    Mabs
                                            [kW]      [deg]
   1.658    0.413     0.405    0.7728      5462.3     0.00    0.379

OVERALL COMPRESSOR PERFORMANCE
   PRtt     Eta.t  Eta.poly  Power
                             [kW]
   1.653   0.7681   0.7834   5457.1
 

Axial station    9                                  Mass flow     52.384 kg/s
Duct                                   flow function     2.0373 kg/s.sqrt(K)/kPa

 Rad Stn  Ax dist  Radius  Frac.ht   Curv    Vtot     Vm      Vax    Vrad   Vswirl
            [m]      [m]            [1/m]    [m/s]   [m/s]   [m/s]   [m/s]   [m/s]

    1     0.2068   0.2738   0.000    0.004  187.67  187.67  187.60    5.12    0.00
    2     0.2068   0.2783   0.100   -0.165  187.20  187.20  187.16    4.09    0.00
    3     0.2068   0.2828   0.199   -0.162  186.84  186.84  186.81    2.95    0.00
    4     0.2068   0.2873   0.298   -0.130  186.48  186.48  186.47    1.77    0.00
    5     0.2068   0.2918   0.398   -0.115  186.32  186.32  186.32    0.61    0.00
    6     0.2068   0.2963   0.497   -0.097  186.33  186.33  186.32   -0.55    0.00
    7     0.2068   0.3008   0.597   -0.070  186.48  186.48  186.47   -1.71    0.00
    8     0.2068   0.3053   0.697   -0.030  186.79  186.79  186.76   -2.88    0.00
    9     0.2068   0.3098   0.798    0.045  187.34  187.34  187.29   -4.07    0.00
   10     0.2068   0.3144   0.898    0.102  188.33  188.33  188.26   -5.23    0.00
   11     0.2068   0.3190   1.000   -0.016  190.14  190.14  190.04   -6.26    0.00
 mass avge
                                            187.12  187.12  187.09   -0.72    0.00
 area avge                                  187.10  187.10  187.07   -0.73    0.00

 Mabs    Ang.sw   Ang.rad   Ptot    Pstat    Ttot    Tstat    Htot     Mass    flow
          [deg]    [deg]    [kPa]   [kPa]     [K]     [K]   [kJ/kg]   [kg/s]  distn.

 0.383     0.00     1.56  638.156  577.718   625.0   608.3  633.549    0.000  0.995
 0.384     0.00     1.25  638.608  577.742   617.8   601.1  625.947    4.843  0.998
 0.385     0.00     0.90  638.834  577.812   614.0   597.4  621.945    9.780  1.003
 0.384     0.00     0.54  638.844  577.878   612.2   595.7  620.074   14.805  1.005
 0.384     0.00     0.19  638.844  577.938   611.8   595.3  619.630   19.914  1.005
 0.384     0.00    -0.17  638.851  577.993   612.3   595.8  620.234   25.108  1.004
 0.384     0.00    -0.52  638.858  578.043   613.8   597.3  621.758   30.386  1.002
 0.384     0.00    -0.88  638.861  578.081   616.2   599.6  624.282   35.749  1.000
 0.384     0.00    -1.24  638.888  578.095   619.7   603.1  628.011   41.201  0.997
 0.384     0.00    -1.59  638.992  578.078   625.1   608.3  633.685   46.745  0.994
 0.386     0.00    -1.89  639.417  578.080   633.1   615.9  642.099   52.384  0.992
 mass avge
 0.384     0.00    -0.22  638.844  577.962   617.3   600.7  625.472
 area avge                638.844  577.962   617.2   600.6

 Rad Stn Maxial  rVswirl
                  [m2/s]

     1    0.383     0.00
     2    0.384     0.00
     3    0.385     0.00
     4    0.384     0.00
     5    0.384     0.00
     6    0.384     0.00
     7    0.384     0.00
     8    0.384     0.00
     9    0.384     0.00
    10    0.384     0.00
    11    0.386     0.00
 mass avge
          0.384     0.00
 

Axial station   10                                  Mass flow     52.384 kg/s
Duct                                   flow function     2.0373 kg/s.sqrt(K)/kPa

 Rad Stn  Ax dist  Radius  Frac.ht   Curv    Vtot     Vm      Vax    Vrad   Vswirl
            [m]      [m]            [1/m]    [m/s]   [m/s]   [m/s]   [m/s]   [m/s]

    1     0.2147   0.2740   0.000    0.005  189.92  189.92  189.85    5.19    0.00
    2     0.2147   0.2784   0.100   -0.051  189.49  189.49  189.44    3.98    0.00
    3     0.2147   0.2829   0.199   -0.084  189.20  189.20  189.18    2.81    0.00
    4     0.2147   0.2873   0.298   -0.095  188.87  188.87  188.86    1.63    0.00
    5     0.2147   0.2918   0.398   -0.091  188.74  188.74  188.74    0.47    0.00
    6     0.2147   0.2962   0.497   -0.079  188.76  188.76  188.76   -0.68    0.00
    7     0.2147   0.3007   0.597   -0.059  188.93  188.93  188.92   -1.82    0.00
    8     0.2147   0.3052   0.697   -0.035  189.24  189.24  189.22   -2.96    0.00
    9     0.2147   0.3097   0.797   -0.012  189.78  189.78  189.74   -4.09    0.00
   10     0.2147   0.3142   0.898   -0.005  190.70  190.70  190.63   -5.22    0.00
   11     0.2147   0.3187   1.000   -0.016  192.45  192.45  192.34   -6.36    0.00
 mass avge
                                            189.51  189.51  189.48   -0.80    0.00
 area avge                                  189.49  189.49  189.46   -0.81    0.00

 Mabs    Ang.sw   Ang.rad   Ptot    Pstat    Ttot    Tstat    Htot     Mass    flow
          [deg]    [deg]    [kPa]   [kPa]     [K]     [K]   [kJ/kg]   [kg/s]  distn.

 0.388     0.00     1.57  638.152  576.301   624.9   607.8  633.447    0.000  0.994
 0.389     0.00     1.21  638.607  576.300   617.8   600.7  625.932    4.844  0.998
 0.390     0.00     0.85  638.835  576.317   614.0   597.0  621.967    9.782  1.003
 0.389     0.00     0.50  638.845  576.362   612.2   595.3  620.089   14.807  1.005
 0.389     0.00     0.14  638.845  576.405   611.8   594.8  619.641   19.916  1.005
 0.389     0.00    -0.21  638.852  576.454   612.4   595.4  620.243   25.110  1.004
 0.389     0.00    -0.55  638.859  576.494   613.8   596.8  621.768   30.388  1.003
 0.389     0.00    -0.90  638.863  576.535   616.2   599.2  624.295   35.751  1.000
 0.389     0.00    -1.24  638.891  576.564   619.7   602.6  628.031   41.202  0.997
 0.389     0.00    -1.57  638.990  576.586   625.1   607.8  633.663   46.746  0.994
 0.391     0.00    -1.89  639.402  576.615   633.0   615.4  641.988   52.384  0.992
 mass avge
 0.389     0.00    -0.24  638.844  576.453   617.3   600.3  625.468
 area avge                638.843  576.453   617.2   600.1

 Rad Stn Maxial  rVswirl
                  [m2/s]

     1    0.388     0.00
     2    0.389     0.00
     3    0.390     0.00
     4    0.389     0.00
     5    0.389     0.00
     6    0.389     0.00
     7    0.389     0.00
     8    0.389     0.00
     9    0.389     0.00
    10    0.389     0.00
    11    0.390     0.00
 mass avge
          0.389     0.00
 

Axial station   11                                  Mass flow     52.384 kg/s
Duct                                   flow function     2.0373 kg/s.sqrt(K)/kPa

 Rad Stn  Ax dist  Radius  Frac.ht   Curv    Vtot     Vm      Vax    Vrad   Vswirl
            [m]      [m]            [1/m]    [m/s]   [m/s]   [m/s]   [m/s]   [m/s]

    1     0.2227   0.2742   0.000    0.005  192.40  192.40  192.33    5.26    0.00
    2     0.2227   0.2786   0.100   -0.051  191.96  191.96  191.92    3.96    0.00
    3     0.2227   0.2830   0.199   -0.084  191.68  191.68  191.66    2.71    0.00
    4     0.2227   0.2874   0.298   -0.095  191.34  191.34  191.33    1.51    0.00
    5     0.2227   0.2918   0.398   -0.091  191.21  191.21  191.21    0.34    0.00
    6     0.2227   0.2962   0.497   -0.079  191.23  191.23  191.22   -0.81    0.00
    7     0.2227   0.3006   0.597   -0.059  191.40  191.40  191.39   -1.93    0.00
    8     0.2227   0.3050   0.697   -0.035  191.71  191.71  191.69   -3.05    0.00
    9     0.2227   0.3095   0.797   -0.012  192.26  192.26  192.22   -4.16    0.00
   10     0.2227   0.3140   0.898   -0.005  193.18  193.18  193.11   -5.30    0.00
   11     0.2227   0.3185   1.000   -0.016  194.90  194.90  194.80   -6.47    0.00
 mass avge
                                            191.98  191.98  191.95   -0.89    0.00
 area avge                                  191.96  191.96  191.93   -0.90    0.00

 Mabs    Ang.sw   Ang.rad   Ptot    Pstat    Ttot    Tstat    Htot     Mass    flow
          [deg]    [deg]    [kPa]   [kPa]     [K]     [K]   [kJ/kg]   [kg/s]  distn.

 0.393     0.00     1.57  638.149  574.723   624.8   607.2  633.344    0.000  0.994
 0.394     0.00     1.18  638.606  574.720   617.7   600.2  625.917    4.844  0.998
 0.395     0.00     0.81  638.835  574.737   614.0   596.6  621.989    9.782  1.003
 0.395     0.00     0.45  638.845  574.783   612.2   594.8  620.104   14.807  1.005
 0.395     0.00     0.10  638.846  574.827   611.8   594.4  619.653   19.916  1.005
 0.394     0.00    -0.24  638.853  574.877   612.4   595.0  620.253   25.110  1.004
 0.394     0.00    -0.58  638.861  574.918   613.8   596.4  621.779   30.388  1.003
 0.394     0.00    -0.91  638.864  574.960   616.2   598.8  624.308   35.751  1.000
 0.394     0.00    -1.24  638.894  574.989   619.8   602.2  628.050   41.202  0.997
 0.395     0.00    -1.57  638.987  575.012   625.1   607.4  633.641   46.746  0.994
 0.396     0.00    -1.90  639.388  575.042   632.8   614.9  641.877   52.384  0.992
 mass avge
 0.394     0.00    -0.26  638.844  574.876   617.3   599.8  625.463
 area avge                638.843  574.876   617.2   599.7

 Rad Stn Maxial  rVswirl
                  [m2/s]

     1    0.393     0.00
     2    0.394     0.00
     3    0.395     0.00
     4    0.395     0.00
     5    0.395     0.00
     6    0.394     0.00
     7    0.394     0.00
     8    0.394     0.00
     9    0.394     0.00
    10    0.394     0.00
    11    0.396     0.00
 mass avge
          0.394     0.00

  ANNULUS WALL BOUNDARY LAYERS (DELTA/SPAN .LE. 0.3)
  PLANE  HUB THETA/SPAN  H  DELTA/SPAN  CASING THETA/SPAN  H  DELTA/SPAN     BLOCKAGE
     1     0.0010    1.4000    0.0185        0.0010    1.4000    0.0185      0.0028
     2     0.0010    1.4000    0.0187        0.0010    1.4000    0.0188      0.0028
     3     0.0010    1.4000    0.0189        0.0010    1.4000    0.0190      0.0029
     4     0.0017    1.3899    0.0146        0.0017    1.3899    0.0146      0.0048
     5     0.0017    1.3899    0.0147        0.0017    1.3899    0.0147      0.0048
     6     0.0025    1.2589    0.0277        0.0026    1.2686    0.0279      0.0065
     7     0.0026    1.2589    0.0289        0.0027    1.2686    0.0291      0.0068
     8     0.0046    1.2581    0.0505        0.0024    1.1300    0.0443      0.0085
     9     0.0046    1.2581    0.0510        0.0024    1.1300    0.0448      0.0086
    10     0.0047    1.2581    0.0516        0.0024    1.1300    0.0453      0.0087
    11     0.0047    1.2581    0.0521        0.0025    1.1300    0.0458      0.0087


          Breakdown of loss coefficients
  Note that the profile loss is limited to 0.20 before any user-specified
  correction factor is applied and the total loss is limited to 0.25 after
  any user-specified loss correction factors are applied.

 Plane   4   stage  0 stator

 radial profile  shock  secondary  tip clearance total
 station loss    loss     loss        loss       loss
   1    0.0200  0.0000   0.0000     0.0000      0.0200
   2    0.0200  0.0000   0.0000     0.0000      0.0200
   3    0.0200  0.0000   0.0000     0.0000      0.0200
   4    0.0200  0.0000   0.0000     0.0000      0.0200
   5    0.0200  0.0000   0.0000     0.0000      0.0200
   6    0.0200  0.0000   0.0000     0.0000      0.0200
   7    0.0200  0.0000   0.0000     0.0000      0.0200
   8    0.0200  0.0000   0.0000     0.0000      0.0200
   9    0.0200  0.0000   0.0000     0.0000      0.0200
  10    0.0200  0.0000   0.0000     0.0000      0.0200
  11    0.0200  0.0000   0.0000     0.0000      0.0200

 Plane   6   stage  1 rotor 

 radial profile  shock  secondary  tip clearance total
 station loss    loss     loss        loss       loss
   1    0.0882  0.0118   0.0475     0.0000      0.1475
   2    0.0882  0.0118   0.0326     0.0000      0.1326
   3    0.1037  0.0109   0.0193     0.0000      0.1339
   4    0.1077  0.0108   0.0091     0.0000      0.1276
   5    0.1130  0.0125   0.0027     0.0000      0.1282
   6    0.1191  0.0152   0.0001     0.0000      0.1344
   7    0.1250  0.0184   0.0014     0.0001      0.1448
   8    0.1310  0.0220   0.0069     0.0004      0.1602
   9    0.1375  0.0260   0.0167     0.0009      0.1812
  10    0.1317  0.0319   0.0307     0.0016      0.1959
  11    0.1317  0.0319   0.0475     0.0025      0.2135

 Plane   8   stage  1 stator

 radial profile  shock  secondary  tip clearance total
 station loss    loss     loss        loss       loss
   1    0.1283  0.0000   0.1177     0.0029      0.2490
   2    0.1283  0.0000   0.0755     0.0019      0.2057
   3    0.1217  0.0000   0.0427     0.0011      0.1654
   4    0.1179  0.0000   0.0191     0.0005      0.1375
   5    0.1156  0.0000   0.0049     0.0001      0.1207
   6    0.1139  0.0000   0.0000     0.0000      0.1139
   7    0.1125  0.0000   0.0044     0.0000      0.1170
   8    0.1114  0.0000   0.0183     0.0000      0.1298
   9    0.1107  0.0000   0.0417     0.0000      0.1524
  10    0.1110  0.0000   0.0749     0.0000      0.1859
  11    0.1110  0.0000   0.1177     0.0000      0.2288

            SUMMARY OF STAGE PERFORMANCE
stage  flow   press. adiab. rotor stator  rotor stator  rotor stator   Va/U  DH/U2
       kg/s   ratio   effy   inc    inc     Mn1   Mn1  loss c loss c
  1   52.38   1.658  0.773   9.12   9.56  1.242  0.561  0.153  0.156  0.405  0.413

            OVERALL PERFORMANCE
     inlet mass flow     52.384 kg/s    total pressure ratio   1.6534
 adiabatic efficiency  0.7681  polytropic efficiency  0.7834   power   5457.1 kW


            SUMMARY OF BLADEROW FORCES AND TORQUES
stage      rotor force/torque           stator force/torque
        axial [kN]  torque [kNm]     axial [kN]  torque [kNm]
  1      -18.8862        3.2230        -4.6001       -3.2168
 

 ITERATION NUMBER  57 COMPLETED   MAX CHANGES ARE: IN W =    0.0002 AT I=  9 J= 11  IN STRM FN =  -0.00006 AT I=  9 J=  6
                               NO. OF MASS FLOW ITERATIONS FOR EACH PLANE:
  1 1 1 1 1 1 1 1 1 1 1
 Point converged at iteration  56: fraction of speed 1.00  inlet flow   52.384
  overall pressure ratio    1.6534  adiabatic efficiency   0.7682
 Exit flow function =   2.0370
 Min mean De Haller No = 0.6148 at plane   6
 Max mean Diffusion Factor= 0.6964 at plane   8
